"E:/TGI/Week2/Netshoot/Content/Gunslinger/GunslingerTTP_Skeleton.uasset" 0
"E:/TGI/Week2/Netshoot/Content/Gunslinger/GunslingerTTP_Skeleton.uexp" 1
"E:/TGI/Week2/Netshoot/Content/Animations/Gunslinger_Aiming.uasset" 2
"E:/TGI/Week2/Netshoot/Content/Animations/Gunslinger_Aiming.uexp" 3
"E:/TGI/Week2/Netshoot/Content/Animations/Gunslinger_ResetAim.uasset" 4
"E:/TGI/Week2/Netshoot/Content/Animations/Gunslinger_ResetAim.uexp" 5
"E:/TGI/Week2/Netshoot/Content/Sounds/Blip_01.uasset" 6
"E:/TGI/Week2/Netshoot/Content/Sounds/Blip_01.uexp" 7
"E:/TGI/Week2/Netshoot/Content/Sounds/Blip_02.uasset" 8
"E:/TGI/Week2/Netshoot/Content/Sounds/Blip_02.uexp" 9
"E:/TGI/Week2/Netshoot/Content/Sounds/Coin_02.uasset" 10
"E:/TGI/Week2/Netshoot/Content/Sounds/Coin_02.uexp" 11
"E:/TGI/Week2/Netshoot/Content/Sounds/Laser_01.uasset" 12
"E:/TGI/Week2/Netshoot/Content/Sounds/Laser_01.uexp" 13
"E:/TGI/Week2/Netshoot/Content/Sounds/Laser_02.uasset" 14
"E:/TGI/Week2/Netshoot/Content/Sounds/Laser_02.uexp" 15
"E:/TGI/Week2/Netshoot/Content/Sounds/Powerup_01.uasset" 16
"E:/TGI/Week2/Netshoot/Content/Sounds/Powerup_01.uexp" 17
"E:/TGI/Week2/Netshoot/Content/Sounds/Powerup_02.uasset" 18
"E:/TGI/Week2/Netshoot/Content/Sounds/Powerup_02.uexp" 19
"E:/TGI/Week2/Netshoot/Content/Sounds/Randomize_02.uasset" 20
"E:/TGI/Week2/Netshoot/Content/Sounds/Randomize_02.uexp" 21
"E:/TGI/Week2/Netshoot/Content/Sounds/Randomize_04.uasset" 22
"E:/TGI/Week2/Netshoot/Content/Sounds/Randomize_04.uexp" 23
"E:/TGI/Week2/Netshoot/Content/Sounds/Randomize_05.uasset" 24
"E:/TGI/Week2/Netshoot/Content/Sounds/Randomize_05.uexp" 25
"E:/TGI/Week2/Netshoot/Content/Sounds/Randomize_06.uasset" 26
"E:/TGI/Week2/Netshoot/Content/Sounds/Randomize_06.uexp" 27
"E:/TGI/Week2/Netshoot/Content/Sounds/Randomize_07.uasset" 28
"E:/TGI/Week2/Netshoot/Content/Sounds/Randomize_07.uexp" 29
"E:/TGI/Week2/Netshoot/Content/Sounds/Randomize_09.uasset" 30
"E:/TGI/Week2/Netshoot/Content/Sounds/Randomize_09.uexp" 31
"../../../Engine/Content/Animation/DefaultAnimBoneCompressionSettings.uasset" 32
"../../../Engine/Content/Animation/DefaultAnimBoneCompressionSettings.uexp" 33
"../../../Engine/Content/Animation/DefaultAnimCurveCompressionSettings.uasset" 34
"../../../Engine/Content/Animation/DefaultAnimCurveCompressionSettings.uexp" 35
"../../../Engine/Content/EngineMaterials/T_Default_Material_Grid_N.uasset" 36
"../../../Engine/Content/EngineMaterials/T_Default_Material_Grid_N.uexp" 37
"../../../Engine/Content/EngineMaterials/T_Default_Material_Grid_N.ubulk" 38
"../../../Engine/Content/EngineMaterials/T_Default_Material_Grid_M.uasset" 39
"../../../Engine/Content/EngineMaterials/T_Default_Material_Grid_M.uexp" 40
"../../../Engine/Content/EngineMaterials/T_Default_Material_Grid_M.ubulk" 41
"../../../Engine/Content/Functions/Engine_MaterialFunctions01/Opacity/CameraDepthFade.uasset" 42
"../../../Engine/Content/Functions/Engine_MaterialFunctions01/Opacity/CameraDepthFade.uexp" 43
"../../../Engine/Content/EngineMaterials/WorldGridMaterial.uasset" 44
"../../../Engine/Content/EngineMaterials/WorldGridMaterial.uexp" 45
"../../../Engine/Content/ArtTools/RenderToTexture/Meshes/S_1_Unit_Plane.uasset" 46
"../../../Engine/Content/ArtTools/RenderToTexture/Meshes/S_1_Unit_Plane.uexp" 47
"../../../Engine/Content/EngineMaterials/DefaultMaterial.uasset" 48
"../../../Engine/Content/EngineMaterials/DefaultMaterial.uexp" 49
"../../../Engine/Content/BasicShapes/Cone.uasset" 50
"../../../Engine/Content/BasicShapes/Cone.uexp" 51
"../../../Engine/Content/BasicShapes/Cube.uasset" 52
"../../../Engine/Content/BasicShapes/Cube.uexp" 53
"../../../Engine/Content/BasicShapes/Cylinder.uasset" 54
"../../../Engine/Content/BasicShapes/Cylinder.uexp" 55
"../../../Engine/Content/BasicShapes/Plane.uasset" 56
"../../../Engine/Content/BasicShapes/Plane.uexp" 57
"../../../Engine/Content/BasicShapes/Sphere.uasset" 58
"../../../Engine/Content/BasicShapes/Sphere.uexp" 59
"../../../Engine/Content/EditorLandscapeResources/DataLayer.uasset" 60
"../../../Engine/Content/EditorLandscapeResources/DataLayer.uexp" 61
"../../../Engine/Content/EditorLandscapeResources/DefaultAlphaTexture.uasset" 62
"../../../Engine/Content/EditorLandscapeResources/DefaultAlphaTexture.uexp" 63
"../../../Engine/Content/EditorMaterials/MAT_Groups_Toggle.uasset" 64
"../../../Engine/Content/EditorMaterials/MAT_Groups_Toggle.uexp" 65
"../../../Engine/Content/EditorMaterials/MAT_Groups_Visibility.uasset" 66
"../../../Engine/Content/EditorMaterials/MAT_Groups_Visibility.uexp" 67
"../../../Engine/Content/EditorMaterials/PreviewShadowIndicator.uasset" 68
"../../../Engine/Content/EditorMaterials/PreviewShadowIndicator.uexp" 69
"../../../Engine/Content/EditorMaterials/PreviewShadowIndicator.ubulk" 70
"../../../Engine/Content/EditorMaterials/PreviewShadowIndicatorMaterial.uasset" 71
"../../../Engine/Content/EditorMaterials/PreviewShadowIndicatorMaterial.uexp" 72
"../../../Engine/Content/EditorMaterials/MatineeGroups/MAT_ColorTrack.uasset" 73
"../../../Engine/Content/EditorMaterials/MatineeGroups/MAT_ColorTrack.uexp" 74
"../../../Engine/Content/EditorMaterials/MatineeGroups/MAT_Groups_Anim.uasset" 75
"../../../Engine/Content/EditorMaterials/MatineeGroups/MAT_Groups_Anim.uexp" 76
"../../../Engine/Content/EditorMaterials/MatineeGroups/MAT_Groups_AudioMaster.uasset" 77
"../../../Engine/Content/EditorMaterials/MatineeGroups/MAT_Groups_AudioMaster.uexp" 78
"../../../Engine/Content/EditorMaterials/MatineeGroups/MAT_Groups_Director.uasset" 79
"../../../Engine/Content/EditorMaterials/MatineeGroups/MAT_Groups_Director.uexp" 80
"../../../Engine/Content/EditorMaterials/MatineeGroups/MAT_Groups_Event.uasset" 81
"../../../Engine/Content/EditorMaterials/MatineeGroups/MAT_Groups_Event.uexp" 82
"../../../Engine/Content/EditorMaterials/MatineeGroups/MAT_Groups_Fade.uasset" 83
"../../../Engine/Content/EditorMaterials/MatineeGroups/MAT_Groups_Fade.uexp" 84
"../../../Engine/Content/EditorMaterials/MatineeGroups/MAT_Groups_Float.uasset" 85
"../../../Engine/Content/EditorMaterials/MatineeGroups/MAT_Groups_Float.uexp" 86
"../../../Engine/Content/EditorMaterials/MatineeGroups/MAT_Groups_Move.uasset" 87
"../../../Engine/Content/EditorMaterials/MatineeGroups/MAT_Groups_Move.uexp" 88
"../../../Engine/Content/EditorMaterials/MatineeGroups/MAT_Groups_Slomo.uasset" 89
"../../../Engine/Content/EditorMaterials/MatineeGroups/MAT_Groups_Slomo.uexp" 90
"../../../Engine/Content/EditorMaterials/MatineeGroups/MAT_Groups_Sound.uasset" 91
"../../../Engine/Content/EditorMaterials/MatineeGroups/MAT_Groups_Sound.uexp" 92
"../../../Engine/Content/EditorMaterials/MatineeGroups/MAT_Groups_Vector.uasset" 93
"../../../Engine/Content/EditorMaterials/MatineeGroups/MAT_Groups_Vector.uexp" 94
"../../../Engine/Content/EditorMaterials/ParticleSystems/PSysThumbnail_NoImage.uasset" 95
"../../../Engine/Content/EditorMaterials/ParticleSystems/PSysThumbnail_NoImage.uexp" 96
"../../../Engine/Content/EditorMaterials/ParticleSystems/PSysThumbnail_NoImage.ubulk" 97
"../../../Engine/Content/EditorMaterials/ParticleSystems/PSysThumbnail_OOD.uasset" 98
"../../../Engine/Content/EditorMaterials/ParticleSystems/PSysThumbnail_OOD.uexp" 99
"../../../Engine/Content/EditorMaterials/ParticleSystems/PSysThumbnail_OOD.ubulk" 100
"../../../Engine/Content/EditorMaterials/Camera/CineMat.uasset" 101
"../../../Engine/Content/EditorMaterials/Camera/CineMat.uexp" 102
"../../../Engine/Content/EditorMaterials/Camera/MI_CineMat_Rig.uasset" 103
"../../../Engine/Content/EditorMaterials/Camera/MI_CineMat_Rig.uexp" 104
"../../../Engine/Content/EditorMeshes/Camera/SM_CraneRig_Arm.uasset" 105
"../../../Engine/Content/EditorMeshes/Camera/SM_CraneRig_Arm.uexp" 106
"../../../Engine/Content/EditorMeshes/Camera/SM_CraneRig_Base.uasset" 107
"../../../Engine/Content/EditorMeshes/Camera/SM_CraneRig_Base.uexp" 108
"../../../Engine/Content/EditorMeshes/Camera/SM_CraneRig_Body.uasset" 109
"../../../Engine/Content/EditorMeshes/Camera/SM_CraneRig_Body.uexp" 110
"../../../Engine/Content/EditorMeshes/Camera/SM_CraneRig_Mount.uasset" 111
"../../../Engine/Content/EditorMeshes/Camera/SM_CraneRig_Mount.uexp" 112
"../../../Engine/Content/EditorMeshes/Camera/SM_RailRig_Mount.uasset" 113
"../../../Engine/Content/EditorMeshes/Camera/SM_RailRig_Mount.uexp" 114
"../../../Engine/Content/EditorMeshes/Camera/SM_RailRig_Track.uasset" 115
"../../../Engine/Content/EditorMeshes/Camera/SM_RailRig_Track.uexp" 116
"../../../Engine/Content/EditorResources/BSPVertex.uasset" 117
"../../../Engine/Content/EditorResources/BSPVertex.uexp" 118
"../../../Engine/Content/EditorResources/EmptyActor.uasset" 119
"../../../Engine/Content/EditorResources/EmptyActor.uexp" 120
"../../../Engine/Content/EditorResources/S_Actor.uasset" 121
"../../../Engine/Content/EditorResources/S_Actor.uexp" 122
"../../../Engine/Content/EditorResources/S_Actor.ubulk" 123
"../../../Engine/Content/EditorResources/S_Note.uasset" 124
"../../../Engine/Content/EditorResources/S_Note.uexp" 125
"../../../Engine/Content/EditorResources/S_Note.ubulk" 126
"../../../Engine/Content/EditorResources/S_Solver.uasset" 127
"../../../Engine/Content/EditorResources/S_Solver.uexp" 128
"../../../Engine/Content/EditorResources/S_Solver.ubulk" 129
"../../../Engine/Content/EditorResources/S_Terrain.uasset" 130
"../../../Engine/Content/EditorResources/S_Terrain.uexp" 131
"../../../Engine/Content/EditorResources/S_Terrain.ubulk" 132
"../../../Engine/Content/EditorResources/S_Trigger.uasset" 133
"../../../Engine/Content/EditorResources/S_Trigger.uexp" 134
"../../../Engine/Content/EditorResources/S_Trigger.ubulk" 135
"../../../Engine/Content/EditorResources/AudioIcons/S_AudioComponent.uasset" 136
"../../../Engine/Content/EditorResources/AudioIcons/S_AudioComponent.uexp" 137
"../../../Engine/Content/EditorResources/AudioIcons/S_AudioComponent.ubulk" 138
"../../../Engine/Content/EditorResources/SequenceRecorder/Countdown.uasset" 139
"../../../Engine/Content/EditorResources/SequenceRecorder/Countdown.uexp" 140
"../../../Engine/Content/EditorResources/SequenceRecorder/RecordingIndicator.uasset" 141
"../../../Engine/Content/EditorResources/SequenceRecorder/RecordingIndicator.uexp" 142
"../../../Engine/Content/EngineDamageTypes/DmgTypeBP_Environmental.uasset" 143
"../../../Engine/Content/EngineDamageTypes/DmgTypeBP_Environmental.uexp" 144
"../../../Engine/Content/EngineDebugMaterials/DebugEditorMaterial.uasset" 145
"../../../Engine/Content/EngineDebugMaterials/DebugEditorMaterial.uexp" 146
"../../../Engine/Content/EngineDebugMaterials/DebugMeshMaterial.uasset" 147
"../../../Engine/Content/EngineDebugMaterials/DebugMeshMaterial.uexp" 148
"../../../Engine/Content/EngineDebugMaterials/M_SimpleUnlitTranslucent.uasset" 149
"../../../Engine/Content/EngineDebugMaterials/M_SimpleUnlitTranslucent.uexp" 150
"../../../Engine/Content/EngineDebugMaterials/VolumeToRender.uasset" 151
"../../../Engine/Content/EngineDebugMaterials/VolumeToRender.uexp" 152
"../../../Engine/Content/Functions/Engine_MaterialFunctions02/Utility/CameraDirectionVector.uasset" 153
"../../../Engine/Content/Functions/Engine_MaterialFunctions02/Utility/CameraDirectionVector.uexp" 154
"../../../Engine/Content/EngineDebugMaterials/M_VolumeRenderSphereTracePP.uasset" 155
"../../../Engine/Content/EngineDebugMaterials/M_VolumeRenderSphereTracePP.uexp" 156
"../../../Engine/Content/EngineFonts/Faces/RobotoRegular.uasset" 157
"../../../Engine/Content/EngineFonts/Faces/RobotoRegular.uexp" 158
"../../../Engine/Content/EngineFonts/Faces/RobotoRegular.ufont" 159
"../../../Engine/Content/EngineFonts/Faces/RobotoLight.uasset" 160
"../../../Engine/Content/EngineFonts/Faces/RobotoLight.uexp" 161
"../../../Engine/Content/EngineFonts/Faces/RobotoLight.ufont" 162
"../../../Engine/Content/EngineFonts/Faces/RobotoItalic.uasset" 163
"../../../Engine/Content/EngineFonts/Faces/RobotoItalic.uexp" 164
"../../../Engine/Content/EngineFonts/Faces/RobotoItalic.ufont" 165
"../../../Engine/Content/EngineFonts/Faces/RobotoBoldItalic.uasset" 166
"../../../Engine/Content/EngineFonts/Faces/RobotoBoldItalic.uexp" 167
"../../../Engine/Content/EngineFonts/Faces/RobotoBoldItalic.ufont" 168
"../../../Engine/Content/EngineFonts/Faces/RobotoBold.uasset" 169
"../../../Engine/Content/EngineFonts/Faces/RobotoBold.uexp" 170
"../../../Engine/Content/EngineFonts/Faces/RobotoBold.ufont" 171
"../../../Engine/Content/EngineFonts/Faces/DroidSansFallback.uasset" 172
"../../../Engine/Content/EngineFonts/Faces/DroidSansFallback.uexp" 173
"../../../Engine/Content/EngineFonts/Faces/DroidSansFallback.ufont" 174
"../../../Engine/Content/EngineFonts/Roboto.uasset" 175
"../../../Engine/Content/EngineFonts/Roboto.uexp" 176
"../../../Engine/Content/EngineMaterials/BaseFlattenNormalMap.uasset" 177
"../../../Engine/Content/EngineMaterials/BaseFlattenNormalMap.uexp" 178
"../../../Engine/Content/EngineMaterials/BaseFlattenGrayscaleMap.uasset" 179
"../../../Engine/Content/EngineMaterials/BaseFlattenGrayscaleMap.uexp" 180
"../../../Engine/Content/EngineMaterials/BaseFlattenEmissiveMap.uasset" 181
"../../../Engine/Content/EngineMaterials/BaseFlattenEmissiveMap.uexp" 182
"../../../Engine/Content/EngineMaterials/BaseFlattenDiffuseMap.uasset" 183
"../../../Engine/Content/EngineMaterials/BaseFlattenDiffuseMap.uexp" 184
"../../../Engine/Content/EngineMaterials/BaseFlattenMaterial.uasset" 185
"../../../Engine/Content/EngineMaterials/BaseFlattenMaterial.uexp" 186
"../../../Engine/Content/EngineMaterials/BlueNoise.uasset" 187
"../../../Engine/Content/EngineMaterials/BlueNoise.uexp" 188
"../../../Engine/Content/EngineMaterials/DefaultBloomKernel.uasset" 189
"../../../Engine/Content/EngineMaterials/DefaultBloomKernel.uexp" 190
"../../../Engine/Content/EngineMaterials/DefaultBokeh.uasset" 191
"../../../Engine/Content/EngineMaterials/DefaultBokeh.uexp" 192
"../../../Engine/Content/EngineMaterials/DefaultDiffuse.uasset" 193
"../../../Engine/Content/EngineMaterials/DefaultDiffuse.uexp" 194
"../../../Engine/Content/EngineMaterials/DefaultDiffuse.ubulk" 195
"../../../Engine/Content/EngineMaterials/DefaultDeferredDecalMaterial.uasset" 196
"../../../Engine/Content/EngineMaterials/DefaultDeferredDecalMaterial.uexp" 197
"../../../Engine/Content/EngineMaterials/DefaultLightFunctionMaterial.uasset" 198
"../../../Engine/Content/EngineMaterials/DefaultLightFunctionMaterial.uexp" 199
"../../../Engine/Content/EngineMaterials/DefaultPhysicalMaterial.uasset" 200
"../../../Engine/Content/EngineMaterials/DefaultPhysicalMaterial.uexp" 201
"../../../Engine/Content/Functions/Engine_MaterialFunctions02/Utility/BreakOutFloat2Components.uasset" 202
"../../../Engine/Content/Functions/Engine_MaterialFunctions02/Utility/BreakOutFloat2Components.uexp" 203
"../../../Engine/Content/EngineMaterials/DefaultPostProcessMaterial.uasset" 204
"../../../Engine/Content/EngineMaterials/DefaultPostProcessMaterial.uexp" 205
"../../../Engine/Content/EngineFonts/RobotoDistanceField.uasset" 206
"../../../Engine/Content/EngineFonts/RobotoDistanceField.uexp" 207
"../../../Engine/Content/EngineMaterials/DefaultTextMaterialOpaque.uasset" 208
"../../../Engine/Content/EngineMaterials/DefaultTextMaterialOpaque.uexp" 209
"../../../Engine/Content/EngineMaterials/DefaultWhiteGrid.uasset" 210
"../../../Engine/Content/EngineMaterials/DefaultWhiteGrid.uexp" 211
"../../../Engine/Content/EngineMaterials/DefaultWhiteGrid.ubulk" 212
"../../../Engine/Content/EngineMaterials/DefaultWhiteGrid_Low.uasset" 213
"../../../Engine/Content/EngineMaterials/DefaultWhiteGrid_Low.uexp" 214
"../../../Engine/Content/EngineMaterials/EmissiveMeshMaterial.uasset" 215
"../../../Engine/Content/EngineMaterials/EmissiveMeshMaterial.uexp" 216
"../../../Engine/Content/EngineMaterials/GizmoMaterial.uasset" 217
"../../../Engine/Content/EngineMaterials/GizmoMaterial.uexp" 218
"../../../Engine/Content/EngineMaterials/Good64x64TilingNoiseHighFreq.uasset" 219
"../../../Engine/Content/EngineMaterials/Good64x64TilingNoiseHighFreq.uexp" 220
"../../../Engine/Content/EngineMaterials/MiniFont.uasset" 221
"../../../Engine/Content/EngineMaterials/MiniFont.uexp" 222
"../../../Engine/Content/EngineMaterials/InvalidLightmapSettings.uasset" 223
"../../../Engine/Content/EngineMaterials/InvalidLightmapSettings.uexp" 224
"../../../Engine/Content/EngineMaterials/InvalidLightmapSettings.ubulk" 225
"../../../Engine/Content/EngineMaterials/M_InvalidLightmapSettings.uasset" 226
"../../../Engine/Content/EngineMaterials/M_InvalidLightmapSettings.uexp" 227
"../../../Engine/Content/Functions/Engine_MaterialFunctions02/WorldPositionOffset/CameraOffset.uasset" 228
"../../../Engine/Content/Functions/Engine_MaterialFunctions02/WorldPositionOffset/CameraOffset.uexp" 229
"../../../Engine/Content/EngineMaterials/PhAT_JointLimitMaterial.uasset" 230
"../../../Engine/Content/EngineMaterials/PhAT_JointLimitMaterial.uexp" 231
"../../../Engine/Content/EngineMaterials/DefaultCalibrationColor.uasset" 232
"../../../Engine/Content/EngineMaterials/DefaultCalibrationColor.uexp" 233
"../../../Engine/Content/EngineMaterials/PPM_DefaultCalibrationColor.uasset" 234
"../../../Engine/Content/EngineMaterials/PPM_DefaultCalibrationColor.uexp" 235
"../../../Engine/Content/EngineMaterials/DefaultCalibrationGrayscale.uasset" 236
"../../../Engine/Content/EngineMaterials/DefaultCalibrationGrayscale.uexp" 237
"../../../Engine/Content/EngineMaterials/PPM_DefaultCalibrationGrayscale.uasset" 238
"../../../Engine/Content/EngineMaterials/PPM_DefaultCalibrationGrayscale.uexp" 239
"../../../Engine/Content/EngineMaterials/PreintegratedSkinBRDF.uasset" 240
"../../../Engine/Content/EngineMaterials/PreintegratedSkinBRDF.uexp" 241
"../../../Engine/Content/EngineMaterials/RemoveSurfaceMaterial.uasset" 242
"../../../Engine/Content/EngineMaterials/RemoveSurfaceMaterial.uexp" 243
"../../../Engine/Content/EngineMaterials/WeightMapPlaceholderTexture.uasset" 244
"../../../Engine/Content/EngineMaterials/WeightMapPlaceholderTexture.uexp" 245
"../../../Engine/Content/EngineResources/WhiteSquareTexture.uasset" 246
"../../../Engine/Content/EngineResources/WhiteSquareTexture.uexp" 247
"../../../Engine/Content/EngineMaterials/Widget3DPassThrough.uasset" 248
"../../../Engine/Content/EngineMaterials/Widget3DPassThrough.uexp" 249
"../../../Engine/Content/EngineMaterials/Widget3DPassThrough_Masked.uasset" 250
"../../../Engine/Content/EngineMaterials/Widget3DPassThrough_Masked.uexp" 251
"../../../Engine/Content/EngineMaterials/Widget3DPassThrough_Opaque.uasset" 252
"../../../Engine/Content/EngineMaterials/Widget3DPassThrough_Opaque.uexp" 253
"../../../Engine/Content/EngineMaterials/Widget3DPassThrough_Masked_OneSided.uasset" 254
"../../../Engine/Content/EngineMaterials/Widget3DPassThrough_Masked_OneSided.uexp" 255
"../../../Engine/Content/EngineMaterials/Widget3DPassThrough_Opaque_OneSided.uasset" 256
"../../../Engine/Content/EngineMaterials/Widget3DPassThrough_Opaque_OneSided.uexp" 257
"../../../Engine/Content/EngineMaterials/Widget3DPassThrough_Translucent.uasset" 258
"../../../Engine/Content/EngineMaterials/Widget3DPassThrough_Translucent.uexp" 259
"../../../Engine/Content/EngineMaterials/Widget3DPassThrough_Translucent_OneSided.uasset" 260
"../../../Engine/Content/EngineMaterials/Widget3DPassThrough_Translucent_OneSided.uexp" 261
"../../../Engine/Content/EngineMeshes/Cylinder.uasset" 262
"../../../Engine/Content/EngineMeshes/Cylinder.uexp" 263
"../../../Engine/Content/EngineResources/Black.uasset" 264
"../../../Engine/Content/EngineResources/Black.uexp" 265
"../../../Engine/Content/EngineResources/DefaultTexture.uasset" 266
"../../../Engine/Content/EngineResources/DefaultTexture.uexp" 267
"../../../Engine/Content/EngineResources/DefaultTexture.ubulk" 268
"../../../Engine/Content/EngineResources/DefaultTextureCube.uasset" 269
"../../../Engine/Content/EngineResources/DefaultTextureCube.uexp" 270
"../../../Engine/Content/EngineResources/DefaultVolumeTexture2D.uasset" 271
"../../../Engine/Content/EngineResources/DefaultVolumeTexture2D.uexp" 272
"../../../Engine/Content/EngineResources/DefaultVolumeTexture.uasset" 273
"../../../Engine/Content/EngineResources/DefaultVolumeTexture.uexp" 274
"../../../Engine/Content/EngineResources/GradientTexture0.uasset" 275
"../../../Engine/Content/EngineResources/GradientTexture0.uexp" 276
"../../../Engine/Content/EngineSky/VolumetricClouds/T_NoiseShape64.uasset" 277
"../../../Engine/Content/EngineSky/VolumetricClouds/T_NoiseShape64.uexp" 278
"../../../Engine/Content/EngineSky/VolumetricClouds/T_NoiseShape64.ubulk" 279
"../../../Engine/Content/EngineSky/VolumetricClouds/T_VolumeNoiseShape64.uasset" 280
"../../../Engine/Content/EngineSky/VolumetricClouds/T_VolumeNoiseShape64.uexp" 281
"../../../Engine/Content/EngineSky/VolumetricClouds/T_NoiseErosion.uasset" 282
"../../../Engine/Content/EngineSky/VolumetricClouds/T_NoiseErosion.uexp" 283
"../../../Engine/Content/EngineSky/VolumetricClouds/T_NoiseErosion.ubulk" 284
"../../../Engine/Content/EngineSky/VolumetricClouds/T_VolumeNoiseErosion32.uasset" 285
"../../../Engine/Content/EngineSky/VolumetricClouds/T_VolumeNoiseErosion32.uexp" 286
"../../../Engine/Content/EngineSky/VolumetricClouds/CloudWeatherTexture.uasset" 287
"../../../Engine/Content/EngineSky/VolumetricClouds/CloudWeatherTexture.uexp" 288
"../../../Engine/Content/EngineSky/VolumetricClouds/CloudGradientTexture.uasset" 289
"../../../Engine/Content/EngineSky/VolumetricClouds/CloudGradientTexture.uexp" 290
"../../../Engine/Content/Functions/Engine_MaterialFunctions02/Utility/MakeFloat2.uasset" 291
"../../../Engine/Content/Functions/Engine_MaterialFunctions02/Utility/MakeFloat2.uexp" 292
"../../../Engine/Content/EngineSky/VolumetricClouds/m_SimpleVolumetricCloud.uasset" 293
"../../../Engine/Content/EngineSky/VolumetricClouds/m_SimpleVolumetricCloud.uexp" 294
"../../../Engine/Content/EngineSky/VolumetricClouds/m_SimpleVolumetricCloud_Inst.uasset" 295
"../../../Engine/Content/EngineSky/VolumetricClouds/m_SimpleVolumetricCloud_Inst.uexp" 296
"../../../Engine/Content/EngineSounds/Master.uasset" 297
"../../../Engine/Content/EngineSounds/Master.uexp" 298
"../../../Engine/Content/Functions/Engine_MaterialFunctions01/Shading/ConvertFromDiffSpec.uasset" 299
"../../../Engine/Content/Functions/Engine_MaterialFunctions01/Shading/ConvertFromDiffSpec.uexp" 300
"../../../Engine/Content/Functions/Engine_MaterialFunctions01/Shading/PowerToRoughness.uasset" 301
"../../../Engine/Content/Functions/Engine_MaterialFunctions01/Shading/PowerToRoughness.uexp" 302
"../../../Engine/Content/Maps/Templates/Thumbnails/Default.uasset" 303
"../../../Engine/Content/Maps/Templates/Thumbnails/Default.uexp" 304
"../../../Engine/Content/Maps/Templates/Thumbnails/TimeOfDay.uasset" 305
"../../../Engine/Content/Maps/Templates/Thumbnails/TimeOfDay.uexp" 306
"../../../Engine/Content/Maps/Templates/Thumbnails/VR-Basic.uasset" 307
"../../../Engine/Content/Maps/Templates/Thumbnails/VR-Basic.uexp" 308
"../../../Engine/Content/MobileResources/T_MobileControls_texture.uasset" 309
"../../../Engine/Content/MobileResources/T_MobileControls_texture.uexp" 310
"../../../Engine/Content/MobileResources/T_MobileMenu2.uasset" 311
"../../../Engine/Content/MobileResources/T_MobileMenu2.uexp" 312
"../../../Engine/Content/MobileResources/HUD/AnalogHat.uasset" 313
"../../../Engine/Content/MobileResources/HUD/AnalogHat.uexp" 314
"../../../Engine/Content/MobileResources/HUD/VirtualJoystick_Thumb.uasset" 315
"../../../Engine/Content/MobileResources/HUD/VirtualJoystick_Thumb.uexp" 316
"../../../Engine/Content/MobileResources/HUD/VirtualJoystick_Background.uasset" 317
"../../../Engine/Content/MobileResources/HUD/VirtualJoystick_Background.uexp" 318
"../../../Engine/Content/MobileResources/HUD/DefaultVirtualJoysticks.uasset" 319
"../../../Engine/Content/MobileResources/HUD/DefaultVirtualJoysticks.uexp" 320
"../../../Engine/Content/MobileResources/HUD/LeftVirtualJoystickOnly.uasset" 321
"../../../Engine/Content/MobileResources/HUD/LeftVirtualJoystickOnly.uexp" 322
"../../../Engine/Content/MobileResources/HUD/MobileHUDButton1_off.uasset" 323
"../../../Engine/Content/MobileResources/HUD/MobileHUDButton1_off.uexp" 324
"../../../Engine/Content/MobileResources/HUD/MobileHUDButton1_on.uasset" 325
"../../../Engine/Content/MobileResources/HUD/MobileHUDButton1_on.uexp" 326
"../../../Engine/Content/MobileResources/HUD/MobileHUDButton2_off.uasset" 327
"../../../Engine/Content/MobileResources/HUD/MobileHUDButton2_off.uexp" 328
"../../../Engine/Content/MobileResources/HUD/MobileHUDButton2_on.uasset" 329
"../../../Engine/Content/MobileResources/HUD/MobileHUDButton2_on.uexp" 330
"../../../Engine/Content/MobileResources/HUD/MobileHUDButton3.uasset" 331
"../../../Engine/Content/MobileResources/HUD/MobileHUDButton3.uexp" 332
"../../../Engine/Content/MobileResources/HUD/MobileHUDButtonFire.uasset" 333
"../../../Engine/Content/MobileResources/HUD/MobileHUDButtonFire.uexp" 334
"../../../Engine/Content/MobileResources/HUD/MobileHUDDirectionPad.uasset" 335
"../../../Engine/Content/MobileResources/HUD/MobileHUDDirectionPad.uexp" 336
"../../../Engine/Content/MobileResources/HUD/MobileHUDDirectionPad2.uasset" 337
"../../../Engine/Content/MobileResources/HUD/MobileHUDDirectionPad2.uexp" 338
"../../../Engine/Content/MobileResources/HUD/MobileHUDDirectionPad3.uasset" 339
"../../../Engine/Content/MobileResources/HUD/MobileHUDDirectionPad3.uexp" 340
"../../../Engine/Content/MobileResources/HUD/MobileHUDDirectionStick.uasset" 341
"../../../Engine/Content/MobileResources/HUD/MobileHUDDirectionStick.uexp" 342
"../../../Engine/Content/MobileResources/HUD/T_Castle_ThumbstickInner.uasset" 343
"../../../Engine/Content/MobileResources/HUD/T_Castle_ThumbstickInner.uexp" 344
"../../../Engine/Content/MobileResources/HUD/T_Castle_ThumbstickOutter.uasset" 345
"../../../Engine/Content/MobileResources/HUD/T_Castle_ThumbstickOutter.uexp" 346
"../../../Engine/Content/Tutorial/ContentIntroCurve.uasset" 347
"../../../Engine/Content/Tutorial/ContentIntroCurve.uexp" 348
"../../../Engine/Content/VREditor/TransformGizmo/TranslucentTransformGizmoMaterial.uasset" 349
"../../../Engine/Content/VREditor/TransformGizmo/TranslucentTransformGizmoMaterial.uexp" 350
"../../../Engine/Content/VREditor/LaserPointer/VR_LaserPower_01.uasset" 351
"../../../Engine/Content/VREditor/LaserPointer/VR_LaserPower_01.uexp" 352
"../../../Engine/Content/VREditor/LaserPointer/VR_LaserPower_01.ubulk" 353
"../../../Engine/Content/VREditor/TransformGizmo/TransformGizmoMaterial.uasset" 354
"../../../Engine/Content/VREditor/TransformGizmo/TransformGizmoMaterial.uexp" 355
"../../../Engine/Content/VREditor/TransformGizmo/BoundingBoxCorner.uasset" 356
"../../../Engine/Content/VREditor/TransformGizmo/BoundingBoxCorner.uexp" 357
"../../../Engine/Content/VREditor/TransformGizmo/BoundingBoxEdge.uasset" 358
"../../../Engine/Content/VREditor/TransformGizmo/BoundingBoxEdge.uexp" 359
"../../../Engine/Content/VREditor/TransformGizmo/PlaneTranslationHandle.uasset" 360
"../../../Engine/Content/VREditor/TransformGizmo/PlaneTranslationHandle.uexp" 361
"../../../Engine/Content/VREditor/TransformGizmo/Xray.uasset" 362
"../../../Engine/Content/VREditor/TransformGizmo/Xray.uexp" 363
"../../../Engine/Content/VREditor/TransformGizmo/Main.uasset" 364
"../../../Engine/Content/VREditor/TransformGizmo/Main.uexp" 365
"../../../Engine/Content/VREditor/TransformGizmo/SM_Sequencer_Key.uasset" 366
"../../../Engine/Content/VREditor/TransformGizmo/SM_Sequencer_Key.uexp" 367
"../../../Engine/Content/VREditor/TransformGizmo/SM_Sequencer_Node.uasset" 368
"../../../Engine/Content/VREditor/TransformGizmo/SM_Sequencer_Node.uexp" 369
"../../../Engine/Content/Functions/Engine_MaterialFunctions02/Utility/BreakOutFloat3Components.uasset" 370
"../../../Engine/Content/Functions/Engine_MaterialFunctions02/Utility/BreakOutFloat3Components.uexp" 371
"../../../Engine/Plugins/Editor/SpeedTreeImporter/Content/SpeedTree9/UnpackInteger3.uasset" 372
"../../../Engine/Plugins/Editor/SpeedTreeImporter/Content/SpeedTree9/UnpackInteger3.uexp" 373
"../../../Engine/Plugins/Editor/SpeedTreeImporter/Content/SpeedTree9/UnpackDirection.uasset" 374
"../../../Engine/Plugins/Editor/SpeedTreeImporter/Content/SpeedTree9/UnpackDirection.uexp" 375
"../../../Engine/Plugins/Editor/SpeedTreeImporter/Content/SpeedTree9/game_wind_noise.uasset" 376
"../../../Engine/Plugins/Editor/SpeedTreeImporter/Content/SpeedTree9/game_wind_noise.uexp" 377
"../../../Engine/Plugins/Editor/SpeedTreeImporter/Content/SpeedTree9/game_wind_noise.ubulk" 378
"../../../Engine/Content/Functions/Engine_MaterialFunctions02/SafeNormalize.uasset" 379
"../../../Engine/Content/Functions/Engine_MaterialFunctions02/SafeNormalize.uexp" 380
"../../../Engine/Plugins/Editor/SpeedTreeImporter/Content/SpeedTree9/SpeedTreeWindMotion.uasset" 381
"../../../Engine/Plugins/Editor/SpeedTreeImporter/Content/SpeedTree9/SpeedTreeWindMotion.uexp" 382
"../../../Engine/Plugins/Editor/SpeedTreeImporter/Content/SpeedTree9/SpeedTreeBranchMotion.uasset" 383
"../../../Engine/Plugins/Editor/SpeedTreeImporter/Content/SpeedTree9/SpeedTreeBranchMotion.uexp" 384
"../../../Engine/Content/Functions/Engine_MaterialFunctions02/ObjectLocalBounds.uasset" 385
"../../../Engine/Content/Functions/Engine_MaterialFunctions02/ObjectLocalBounds.uexp" 386
"../../../Engine/Content/Functions/Engine_MaterialFunctions02/UVs/BoundingBoxBased_0-1_UVW.uasset" 387
"../../../Engine/Content/Functions/Engine_MaterialFunctions02/UVs/BoundingBoxBased_0-1_UVW.uexp" 388
"../../../Engine/Content/Functions/Engine_MaterialFunctions02/Utility/VectorLength.uasset" 389
"../../../Engine/Content/Functions/Engine_MaterialFunctions02/Utility/VectorLength.uexp" 390
"../../../Engine/Content/Functions/Engine_MaterialFunctions02/WorldPositionOffset/ObjectScale.uasset" 391
"../../../Engine/Content/Functions/Engine_MaterialFunctions02/WorldPositionOffset/ObjectScale.uexp" 392
"../../../Engine/Plugins/Editor/SpeedTreeImporter/Content/SpeedTree9/SpeedTreeWind.uasset" 393
"../../../Engine/Plugins/Editor/SpeedTreeImporter/Content/SpeedTree9/SpeedTreeWind.uexp" 394
"../../../Engine/Plugins/Editor/SpeedTreeImporter/Content/SpeedTree9/SpeedTreeBillboard.uasset" 395
"../../../Engine/Plugins/Editor/SpeedTreeImporter/Content/SpeedTree9/SpeedTreeBillboard.uexp" 396
"../../../Engine/Plugins/Editor/SpeedTreeImporter/Content/SpeedTree9/EmptyNormal.uasset" 397
"../../../Engine/Plugins/Editor/SpeedTreeImporter/Content/SpeedTree9/EmptyNormal.uexp" 398
"../../../Engine/Plugins/Editor/SpeedTreeImporter/Content/SpeedTree9/Empty.uasset" 399
"../../../Engine/Plugins/Editor/SpeedTreeImporter/Content/SpeedTree9/Empty.uexp" 400
"../../../Engine/Plugins/Editor/SpeedTreeImporter/Content/SpeedTree9/SpeedTreeBillboardMaster.uasset" 401
"../../../Engine/Plugins/Editor/SpeedTreeImporter/Content/SpeedTree9/SpeedTreeBillboardMaster.uexp" 402
"../../../Engine/Plugins/Editor/SpeedTreeImporter/Content/SpeedTree9/SpeedTreeCameraFacing.uasset" 403
"../../../Engine/Plugins/Editor/SpeedTreeImporter/Content/SpeedTree9/SpeedTreeCameraFacing.uexp" 404
"../../../Engine/Plugins/Editor/SpeedTreeImporter/Content/SpeedTree9/SpeedTreeMaster.uasset" 405
"../../../Engine/Plugins/Editor/SpeedTreeImporter/Content/SpeedTree9/SpeedTreeMaster.uexp" 406
"E:/TGI/Week2/Netshoot/Content/Materials/M_Basic.uasset" 407
"E:/TGI/Week2/Netshoot/Content/Materials/M_Basic.uexp" 408
"E:/TGI/Week2/Netshoot/Content/Materials/M_Basic_Inst.uasset" 409
"E:/TGI/Week2/Netshoot/Content/Materials/M_Basic_Inst.uexp" 410
"E:/TGI/Week2/Netshoot/Content/Environment/Trough.uasset" 411
"E:/TGI/Week2/Netshoot/Content/Environment/Trough.uexp" 412
"E:/TGI/Week2/Netshoot/Content/Environment/Horse_TieUp.uasset" 413
"E:/TGI/Week2/Netshoot/Content/Environment/Horse_TieUp.uexp" 414
"E:/TGI/Week2/Netshoot/Content/Environment/Ground.uasset" 415
"E:/TGI/Week2/Netshoot/Content/Environment/Ground.uexp" 416
"E:/TGI/Week2/Netshoot/Content/Environment/Crate.uasset" 417
"E:/TGI/Week2/Netshoot/Content/Environment/Crate.uexp" 418
"E:/TGI/Week2/Netshoot/Content/Environment/Building_01.uasset" 419
"E:/TGI/Week2/Netshoot/Content/Environment/Building_01.uexp" 420
"E:/TGI/Week2/Netshoot/Content/Environment/Building_00.uasset" 421
"E:/TGI/Week2/Netshoot/Content/Environment/Building_00.uexp" 422
"E:/TGI/Week2/Netshoot/Content/Environment/Barrel.uasset" 423
"E:/TGI/Week2/Netshoot/Content/Environment/Barrel.uexp" 424
"E:/TGI/Week2/Netshoot/Content/Audio/Starter_Wind06.uasset" 425
"E:/TGI/Week2/Netshoot/Content/Audio/Starter_Wind06.uexp" 426
"E:/TGI/Week2/Netshoot/Content/Audio/Starter_Wind05.uasset" 427
"E:/TGI/Week2/Netshoot/Content/Audio/Starter_Wind05.uexp" 428
"E:/TGI/Week2/Netshoot/Content/Audio/Starter_Birds01.uasset" 429
"E:/TGI/Week2/Netshoot/Content/Audio/Starter_Birds01.uexp" 430
"E:/TGI/Week2/Netshoot/Content/Audio/Starter_Background_Cue.uasset" 431
"E:/TGI/Week2/Netshoot/Content/Audio/Starter_Background_Cue.uexp" 432
"E:/TGI/Week2/Netshoot/Content/Maps/Level_01_BuiltData.uasset" 433
"E:/TGI/Week2/Netshoot/Content/Maps/Level_01_BuiltData.uexp" 434
"E:/TGI/Week2/Netshoot/Content/Maps/Level_01_BuiltData.ubulk" 435
"E:/TGI/Week2/Netshoot/Content/Sounds/Randomize_08.uasset" 436
"E:/TGI/Week2/Netshoot/Content/Sounds/Randomize_08.uexp" 437
"E:/TGI/Week2/Netshoot/Content/Sounds/Randomize_03.uasset" 438
"E:/TGI/Week2/Netshoot/Content/Sounds/Randomize_03.uexp" 439
"E:/TGI/Week2/Netshoot/Content/Sounds/Gunfire_01.uasset" 440
"E:/TGI/Week2/Netshoot/Content/Sounds/Gunfire_01.uexp" 441
"E:/TGI/Week2/Netshoot/Content/Sounds/Coin_01.uasset" 442
"E:/TGI/Week2/Netshoot/Content/Sounds/Coin_01.uexp" 443
"E:/TGI/Week2/Netshoot/Content/Sounds/Click_01.uasset" 444
"E:/TGI/Week2/Netshoot/Content/Sounds/Click_01.uexp" 445
"E:/TGI/Week2/Netshoot/Content/Materials/M_Hat.uasset" 446
"E:/TGI/Week2/Netshoot/Content/Materials/M_Hat.uexp" 447
"E:/TGI/Week2/Netshoot/Content/Materials/M_Hat_Inst.uasset" 448
"E:/TGI/Week2/Netshoot/Content/Materials/M_Hat_Inst.uexp" 449
"E:/TGI/Week2/Netshoot/Content/Meshes/Hat.uasset" 450
"E:/TGI/Week2/Netshoot/Content/Meshes/Hat.uexp" 451
"E:/TGI/Week2/Netshoot/Content/Materials/M_Gun.uasset" 452
"E:/TGI/Week2/Netshoot/Content/Materials/M_Gun.uexp" 453
"E:/TGI/Week2/Netshoot/Content/Meshes/Gun.uasset" 454
"E:/TGI/Week2/Netshoot/Content/Meshes/Gun.uexp" 455
"E:/TGI/Week2/Netshoot/Content/Animations/Gunslinger_Unholster.uasset" 456
"E:/TGI/Week2/Netshoot/Content/Animations/Gunslinger_Unholster.uexp" 457
"E:/TGI/Week2/Netshoot/Content/Animations/Gunslinger_Ready.uasset" 458
"E:/TGI/Week2/Netshoot/Content/Animations/Gunslinger_Ready.uexp" 459
"E:/TGI/Week2/Netshoot/Content/Animations/Gunslinger_PullBack.uasset" 460
"E:/TGI/Week2/Netshoot/Content/Animations/Gunslinger_PullBack.uexp" 461
"E:/TGI/Week2/Netshoot/Content/Animations/Gunslinger_Fire.uasset" 462
"E:/TGI/Week2/Netshoot/Content/Animations/Gunslinger_Fire.uexp" 463
"E:/TGI/Week2/Netshoot/Content/Animations/Gunslinger_Draw.uasset" 464
"E:/TGI/Week2/Netshoot/Content/Animations/Gunslinger_Draw.uexp" 465
"E:/TGI/Week2/Netshoot/Content/Animations/Gunslinger_Aim_UR.uasset" 466
"E:/TGI/Week2/Netshoot/Content/Animations/Gunslinger_Aim_UR.uexp" 467
"E:/TGI/Week2/Netshoot/Content/Animations/Gunslinger_Aim_UL.uasset" 468
"E:/TGI/Week2/Netshoot/Content/Animations/Gunslinger_Aim_UL.uexp" 469
"E:/TGI/Week2/Netshoot/Content/Animations/Gunslinger_Aim_UC.uasset" 470
"E:/TGI/Week2/Netshoot/Content/Animations/Gunslinger_Aim_UC.uexp" 471
"E:/TGI/Week2/Netshoot/Content/Animations/Gunslinger_Aim_DR.uasset" 472
"E:/TGI/Week2/Netshoot/Content/Animations/Gunslinger_Aim_DR.uexp" 473
"E:/TGI/Week2/Netshoot/Content/Animations/Gunslinger_Aim_DL.uasset" 474
"E:/TGI/Week2/Netshoot/Content/Animations/Gunslinger_Aim_DL.uexp" 475
"E:/TGI/Week2/Netshoot/Content/Animations/Gunslinger_Aim_DC.uasset" 476
"E:/TGI/Week2/Netshoot/Content/Animations/Gunslinger_Aim_DC.uexp" 477
"E:/TGI/Week2/Netshoot/Content/Animations/Gunslinger_Aim_CR.uasset" 478
"E:/TGI/Week2/Netshoot/Content/Animations/Gunslinger_Aim_CR.uexp" 479
"E:/TGI/Week2/Netshoot/Content/Animations/Gunslinger_Aim_CL.uasset" 480
"E:/TGI/Week2/Netshoot/Content/Animations/Gunslinger_Aim_CL.uexp" 481
"E:/TGI/Week2/Netshoot/Content/Animations/Gunslinger_Aim_CC.uasset" 482
"E:/TGI/Week2/Netshoot/Content/Animations/Gunslinger_Aim_CC.uexp" 483
"E:/TGI/Week2/Netshoot/Content/Animations/AimOffset_Gunslinger.uasset" 484
"E:/TGI/Week2/Netshoot/Content/Animations/AimOffset_Gunslinger.uexp" 485
"E:/TGI/Week2/Netshoot/Content/Gunslinger/Gunslinger_AnimBP.uasset" 486
"E:/TGI/Week2/Netshoot/Content/Gunslinger/Gunslinger_AnimBP.uexp" 487
"E:/TGI/Week2/Netshoot/Content/Gunslinger/GunslingerTTP_PhysicsAsset.uasset" 488
"E:/TGI/Week2/Netshoot/Content/Gunslinger/GunslingerTTP_PhysicsAsset.uexp" 489
"E:/TGI/Week2/Netshoot/Content/Materials/M_Player.uasset" 490
"E:/TGI/Week2/Netshoot/Content/Materials/M_Player.uexp" 491
"E:/TGI/Week2/Netshoot/Content/Materials/M_Player_Inst.uasset" 492
"E:/TGI/Week2/Netshoot/Content/Materials/M_Player_Inst.uexp" 493
"E:/TGI/Week2/Netshoot/Content/Gunslinger/GunslingerTTP.uasset" 494
"E:/TGI/Week2/Netshoot/Content/Gunslinger/GunslingerTTP.uexp" 495
"E:/TGI/Week2/Netshoot/Content/Blueprints/CamShake_01.uasset" 496
"E:/TGI/Week2/Netshoot/Content/Blueprints/CamShake_01.uexp" 497
"E:/TGI/Week2/Netshoot/Content/Sounds/Hit_01.uasset" 498
"E:/TGI/Week2/Netshoot/Content/Sounds/Hit_01.uexp" 499
"E:/TGI/Week2/Netshoot/Content/Sounds/SoundCue_Attentuated.uasset" 500
"E:/TGI/Week2/Netshoot/Content/Sounds/SoundCue_Attentuated.uexp" 501
"E:/TGI/Week2/Netshoot/Content/Sounds/Randomize_01.uasset" 502
"E:/TGI/Week2/Netshoot/Content/Sounds/Randomize_01.uexp" 503
"../../../Engine/Content/Functions/Engine_MaterialFunctions01/Gradient/RadialGradient.uasset" 504
"../../../Engine/Content/Functions/Engine_MaterialFunctions01/Gradient/RadialGradient.uexp" 505
"E:/TGI/Week2/Netshoot/Content/Materials/M_Bullet.uasset" 506
"E:/TGI/Week2/Netshoot/Content/Materials/M_Bullet.uexp" 507
"E:/TGI/Week2/Netshoot/Content/Materials/M_Bullet_Inst.uasset" 508
"E:/TGI/Week2/Netshoot/Content/Materials/M_Bullet_Inst.uexp" 509
"E:/TGI/Week2/Netshoot/Content/Meshes/Sphere.uasset" 510
"E:/TGI/Week2/Netshoot/Content/Meshes/Sphere.uexp" 511
"E:/TGI/Week2/Netshoot/Content/Effects/P_Hit.uasset" 512
"E:/TGI/Week2/Netshoot/Content/Effects/P_Hit.uexp" 513
"E:/TGI/Week2/Netshoot/Content/Blueprints/BP_Projectile.uasset" 514
"E:/TGI/Week2/Netshoot/Content/Blueprints/BP_Projectile.uexp" 515
"E:/TGI/Week2/Netshoot/Content/Textures/MuzzleFlash.uasset" 516
"E:/TGI/Week2/Netshoot/Content/Textures/MuzzleFlash.uexp" 517
"E:/TGI/Week2/Netshoot/Content/Textures/MuzzleFlash.ubulk" 518
"E:/TGI/Week2/Netshoot/Content/Materials/M_MuzzleFlash.uasset" 519
"E:/TGI/Week2/Netshoot/Content/Materials/M_MuzzleFlash.uexp" 520
"E:/TGI/Week2/Netshoot/Content/Materials/M_MuzzleFlash_Inst.uasset" 521
"E:/TGI/Week2/Netshoot/Content/Materials/M_MuzzleFlash_Inst.uexp" 522
"E:/TGI/Week2/Netshoot/Content/Effects/P_MuzzleFlash.uasset" 523
"E:/TGI/Week2/Netshoot/Content/Effects/P_MuzzleFlash.uexp" 524
"E:/TGI/Week2/Netshoot/Content/Blueprints/BP_MuzzleFlash.uasset" 525
"E:/TGI/Week2/Netshoot/Content/Blueprints/BP_MuzzleFlash.uexp" 526
"E:/TGI/Week2/Netshoot/Content/Blueprints/MyPlayerState.uasset" 527
"E:/TGI/Week2/Netshoot/Content/Blueprints/MyPlayerState.uexp" 528
"../../../Engine/Content/EditorBlueprintResources/StandardMacros.uasset" 529
"../../../Engine/Content/EditorBlueprintResources/StandardMacros.uexp" 530
"../../../Engine/Content/EditorBlueprintResources/ActorMacros.uasset" 531
"../../../Engine/Content/EditorBlueprintResources/ActorMacros.uexp" 532
"E:/TGI/Week2/Netshoot/Content/Animations/Gunslinger_Hit_01.uasset" 533
"E:/TGI/Week2/Netshoot/Content/Animations/Gunslinger_Hit_01.uexp" 534
"E:/TGI/Week2/Netshoot/Content/Gunslinger/Gunslinger_BP.uasset" 535
"E:/TGI/Week2/Netshoot/Content/Gunslinger/Gunslinger_BP.uexp" 536
"E:/TGI/Week2/Netshoot/Content/Blueprints/Widgets/ScoreboardRow.uasset" 537
"E:/TGI/Week2/Netshoot/Content/Blueprints/Widgets/ScoreboardRow.uexp" 538
"E:/TGI/Week2/Netshoot/Content/Blueprints/Widgets/MyHUD.uasset" 539
"E:/TGI/Week2/Netshoot/Content/Blueprints/Widgets/MyHUD.uexp" 540
"E:/TGI/Week2/Netshoot/Content/Blueprints/Widgets/ServerRow.uasset" 541
"E:/TGI/Week2/Netshoot/Content/Blueprints/Widgets/ServerRow.uexp" 542
"E:/TGI/Week2/Netshoot/Content/Blueprints/Widgets/ServerList.uasset" 543
"E:/TGI/Week2/Netshoot/Content/Blueprints/Widgets/ServerList.uexp" 544
"E:/TGI/Week2/Netshoot/Content/Blueprints/Widgets/MainMenu.uasset" 545
"E:/TGI/Week2/Netshoot/Content/Blueprints/Widgets/MainMenu.uexp" 546
"E:/TGI/Week2/Netshoot/Content/Blueprints/Widgets/LoadingScreen.uasset" 547
"E:/TGI/Week2/Netshoot/Content/Blueprints/Widgets/LoadingScreen.uexp" 548
"E:/TGI/Week2/Netshoot/Content/Blueprints/Widgets/ErrorDialog.uasset" 549
"E:/TGI/Week2/Netshoot/Content/Blueprints/Widgets/ErrorDialog.uexp" 550
"E:/TGI/Week2/Netshoot/Content/Blueprints/State.uasset" 551
"E:/TGI/Week2/Netshoot/Content/Blueprints/State.uexp" 552
"E:/TGI/Week2/Netshoot/Content/Blueprints/MyGameInstance.uasset" 553
"E:/TGI/Week2/Netshoot/Content/Blueprints/MyGameInstance.uexp" 554
"E:/TGI/Week2/Netshoot/Content/Blueprints/Widgets/InGameMenu.uasset" 555
"E:/TGI/Week2/Netshoot/Content/Blueprints/Widgets/InGameMenu.uexp" 556
"E:/TGI/Week2/Netshoot/Content/Textures/Ammo_Full.uasset" 557
"E:/TGI/Week2/Netshoot/Content/Textures/Ammo_Full.uexp" 558
"E:/TGI/Week2/Netshoot/Content/Textures/Ammo_Empty.uasset" 559
"E:/TGI/Week2/Netshoot/Content/Textures/Ammo_Empty.uexp" 560
"E:/TGI/Week2/Netshoot/Content/Blueprints/Widgets/AmmoWidget.uasset" 561
"E:/TGI/Week2/Netshoot/Content/Blueprints/Widgets/AmmoWidget.uexp" 562
"E:/TGI/Week2/Netshoot/Content/Blueprints/MyPlayerController.uasset" 563
"E:/TGI/Week2/Netshoot/Content/Blueprints/MyPlayerController.uexp" 564
"E:/TGI/Week2/Netshoot/Content/Blueprints/MyGameState.uasset" 565
"E:/TGI/Week2/Netshoot/Content/Blueprints/MyGameState.uexp" 566
"E:/TGI/Week2/Netshoot/Content/Blueprints/MyGameMode.uasset" 567
"E:/TGI/Week2/Netshoot/Content/Blueprints/MyGameMode.uexp" 568
"../../../Engine/Content/EngineMeshes/Sphere.uasset" 569
"../../../Engine/Content/EngineMeshes/Sphere.uexp" 570
"E:/TGI/Week2/Netshoot/Content/Materials/M_Dish.uasset" 571
"E:/TGI/Week2/Netshoot/Content/Materials/M_Dish.uexp" 572
"E:/TGI/Week2/Netshoot/Content/Blueprints/BP_FlyingDish.uasset" 573
"E:/TGI/Week2/Netshoot/Content/Blueprints/BP_FlyingDish.uexp" 574
"E:/TGI/Week2/Netshoot/Content/Blueprints/BP_BreakableDishLauncher.uasset" 575
"E:/TGI/Week2/Netshoot/Content/Blueprints/BP_BreakableDishLauncher.uexp" 576
"E:/TGI/Week2/Netshoot/Content/Maps/Level_01.uexp" 577
"E:/TGI/Week2/Netshoot/Content/Maps/Level_01.umap" 578
"E:/TGI/Week2/Netshoot/Content/Maps/MainMenu.uexp" 579
"E:/TGI/Week2/Netshoot/Content/Maps/MainMenu.umap" 580
"E:/TGI/Week2/Netshoot/Content/Maps/ServerWithSession.uexp" 581
"E:/TGI/Week2/Netshoot/Content/Maps/ServerWithSession.umap" 582
"../../../Engine/Content/Maps/Entry_BuiltData.uasset" 583
"../../../Engine/Content/Maps/Entry_BuiltData.uexp" 584
"../../../Engine/Content/Maps/Entry.uexp" 585
"../../../Engine/Content/Maps/Entry.umap" 586
